[    0.000000] Linux version 4.15.0-167-generic (buildd@lcy02-amd64-045) (gcc version 7.5.0 (Ubuntu 7.5.0-3ubuntu1~18.04)) #175-Ubuntu SMP Wed Jan 5 01:56:07 UTC 2022 (Ubuntu 4.15.0-167.175-generic 4.15.18)
[    0.000000] Command line: BOOT_IMAGE=/boot/vmlinuz-4.15.0-167-generic root=LABEL=cloudimg-rootfs ro console=tty1 console=ttyS0
[    0.000000] KERNEL supported cpus:
[    0.000000]   Intel GenuineIntel
[    0.000000]   AMD AuthenticAMD
[    0.000000]   Centaur CentaurHauls
[    0.000000] x86/fpu: Supporting XSAVE feature 0x001: 'x87 floating point registers'
[    0.000000] x86/fpu: Supporting XSAVE feature 0x002: 'SSE registers'
[    0.000000] x86/fpu: Supporting XSAVE feature 0x004: 'AVX registers'
[    0.000000] x86/fpu: xstate_offset[2]:  576, xstate_sizes[2]:  256
[    0.000000] x86/fpu: Enabled xstate features 0x7, context size is 832 bytes, using 'standard' format.
[    0.000000] e820: BIOS-provided physical RAM map:
[    0.000000] BIOS-e820: [mem 0x0000000000000000-0x000000000009fbff] usable
[    0.000000] BIOS-e820: [mem 0x000000000009fc00-0x000000000009ffff] reserved
[    0.000000] BIOS-e820: [mem 0x00000000000f0000-0x00000000000fffff] reserved
[    0.000000] BIOS-e820: [mem 0x0000000000100000-0x000000003ffeffff] usable
[    0.000000] BIOS-e820: [mem 0x000000003fff0000-0x000000003fffffff] ACPI data
[    0.000000] BIOS-e820: [mem 0x00000000fec00000-0x00000000fec00fff] reserved
[    0.000000] BIOS-e820: [mem 0x00000000fee00000-0x00000000fee00fff] reserved
[    0.000000] BIOS-e820: [mem 0x00000000fffc0000-0x00000000ffffffff] reserved
[    0.000000] NX (Execute Disable) protection: active
[    0.000000] SMBIOS 2.5 present.
[    0.000000] DMI: innotek GmbH VirtualBox/VirtualBox, BIOS VirtualBox 12/01/2006
[    0.000000] Hypervisor detected: KVM
[    0.000000] e820: last_pfn = 0x3fff0 max_arch_pfn = 0x400000000
[    0.000000] MTRR: Disabled
[    0.000000] x86/PAT: MTRRs disabled, skipping PAT initialization too.
[    0.000000] CPU MTRRs all blank - virtualized system.
[    0.000000] x86/PAT: Configuration [0-7]: WB  WT  UC- UC  WB  WT  UC- UC  
[    0.000000] found SMP MP-table at [mem 0x0009fff0-0x0009ffff]
[    0.000000] Scanning 1 areas for low memory corruption
[    0.000000] RAMDISK: [mem 0x359cd000-0x36cddfff]
[    0.000000] ACPI: Early table checksum verification disabled
[    0.000000] ACPI: RSDP 0x00000000000E0000 000024 (v02 VBOX  )
[    0.000000] ACPI: XSDT 0x000000003FFF0030 00003C (v01 VBOX   VBOXXSDT 00000001 ASL  00000061)
[    0.000000] ACPI: FACP 0x000000003FFF00F0 0000F4 (v04 VBOX   VBOXFACP 00000001 ASL  00000061)
[    0.000000] ACPI: DSDT 0x000000003FFF0470 002325 (v02 VBOX   VBOXBIOS 00000002 INTL 20120111)
[    0.000000] ACPI: FACS 0x000000003FFF0200 000040
[    0.000000] ACPI: FACS 0x000000003FFF0200 000040
[    0.000000] ACPI: APIC 0x000000003FFF0240 00005C (v02 VBOX   VBOXAPIC 00000001 ASL  00000061)
[    0.000000] ACPI: SSDT 0x000000003FFF02A0 0001CC (v01 VBOX   VBOXCPUT 00000002 INTL 20120111)
[    0.000000] ACPI: Reserving FACP table memory at [mem 0x3fff00f0-0x3fff01e3]
[    0.000000] ACPI: Reserving DSDT table memory at [mem 0x3fff0470-0x3fff2794]
[    0.000000] ACPI: Reserving FACS table memory at [mem 0x3fff0200-0x3fff023f]
[    0.000000] ACPI: Reserving FACS table memory at [mem 0x3fff0200-0x3fff023f]
[    0.000000] ACPI: Reserving APIC table memory at [mem 0x3fff0240-0x3fff029b]
[    0.000000] ACPI: Reserving SSDT table memory at [mem 0x3fff02a0-0x3fff046b]
[    0.000000] No NUMA configuration found
[    0.000000] Faking a node at [mem 0x0000000000000000-0x000000003ffeffff]
[    0.000000] NODE_DATA(0) allocated [mem 0x3ffc5000-0x3ffeffff]
[    0.000000] kvm-clock: cpu 0, msr 0:3ff44001, primary cpu clock
[    0.000000] kvm-clock: Using msrs 4b564d01 and 4b564d00
[    0.000000] kvm-clock: using sched offset of 4000978830 cycles
[    0.000000] clocksource: kvm-clock: mask: 0xffffffffffffffff max_cycles: 0x1cd42e4dffb, max_idle_ns: 881590591483 ns
[    0.000000] Zone ranges:
[    0.000000]   DMA      [mem 0x0000000000001000-0x0000000000ffffff]
[    0.000000]   DMA32    [mem 0x0000000001000000-0x000000003ffeffff]
[    0.000000]   Normal   empty
[    0.000000]   Device   empty
[    0.000000] Movable zone start for each node
[    0.000000] Early memory node ranges
[    0.000000]   node   0: [mem 0x0000000000001000-0x000000000009efff]
[    0.000000]   node   0: [mem 0x0000000000100000-0x000000003ffeffff]
[    0.000000] Reserved but unavailable: 104 pages
[    0.000000] Initmem setup node 0 [mem 0x0000000000001000-0x000000003ffeffff]
[    0.000000] ACPI: PM-Timer IO Port: 0x4008
[    0.000000] IOAPIC[0]: apic_id 2, version 32, address 0xfec00000, GSI 0-23
[    0.000000] ACPI: INT_SRC_OVR (bus 0 bus_irq 0 global_irq 2 dfl dfl)
[    0.000000] ACPI: INT_SRC_OVR (bus 0 bus_irq 9 global_irq 9 low level)
[    0.000000] Using ACPI (MADT) for SMP configuration information
[    0.000000] smpboot: Allowing 2 CPUs, 0 hotplug CPUs
[    0.000000] PM: Registered nosave memory: [mem 0x00000000-0x00000fff]
[    0.000000] PM: Registered nosave memory: [mem 0x0009f000-0x0009ffff]
[    0.000000] PM: Registered nosave memory: [mem 0x000a0000-0x000effff]
[    0.000000] PM: Registered nosave memory: [mem 0x000f0000-0x000fffff]
[    0.000000] e820: [mem 0x40000000-0xfebfffff] available for PCI devices
[    0.000000] Booting paravirtualized kernel on KVM
[    0.000000] clocksource: refined-jiffies: mask: 0xffffffff max_cycles: 0xffffffff, max_idle_ns: 7645519600211568 ns
[    0.000000] random: get_random_bytes called from start_kernel+0x99/0x500 with crng_init=0
[    0.000000] setup_percpu: NR_CPUS:8192 nr_cpumask_bits:2 nr_cpu_ids:2 nr_node_ids:1
[    0.000000] percpu: Embedded 50 pages/cpu s167936 r8192 d28672 u1048576
[    0.000000] PV qspinlock hash table entries: 256 (order: 0, 4096 bytes)
[    0.000000] Built 1 zonelists, mobility grouping on.  Total pages: 257913
[    0.000000] Policy zone: DMA32
[    0.000000] Kernel command line: BOOT_IMAGE=/boot/vmlinuz-4.15.0-167-generic root=LABEL=cloudimg-rootfs ro console=tty1 console=ttyS0
[    0.000000] Memory: 982644K/1048120K available (12300K kernel code, 2483K rwdata, 4324K rodata, 2476K init, 2724K bss, 65476K reserved, 0K cma-reserved)
[    0.000000] SLUB: HWalign=64, Order=0-3, MinObjects=0, CPUs=2, Nodes=1
[    0.000000] Kernel/User page tables isolation: enabled
[    0.000000] ftrace: allocating 39494 entries in 155 pages
[    0.004000] Hierarchical RCU implementation.
[    0.004000] 	RCU restricting CPUs from NR_CPUS=8192 to nr_cpu_ids=2.
[    0.004000] 	Tasks RCU enabled.
[    0.004000] RCU: Adjusting geometry for rcu_fanout_leaf=16, nr_cpu_ids=2
[    0.004000] NR_IRQS: 524544, nr_irqs: 440, preallocated irqs: 16
[    0.004000] Console: colour VGA+ 80x25
[    0.004000] console [tty1] enabled
[    0.004000] console [ttyS0] enabled
[    0.004000] ACPI: Core revision 20170831
[    0.004000] ACPI: 2 ACPI AML tables successfully acquired and loaded
[    0.004000] APIC: Switch to symmetric I/O mode setup
[    0.004000] x2apic enabled
[    0.004000] Switched APIC routing to physical x2apic.
[    0.005625] ..TIMER: vector=0x30 apic1=0 pin1=2 apic2=-1 pin2=-1
[    0.008007] tsc: Detected 2303.998 MHz processor
[    0.010080] Calibrating delay loop (skipped) preset value.. 4607.99 BogoMIPS (lpj=9215992)
[    0.012007] pid_max: default: 32768 minimum: 301
[    0.013084] Security Framework initialized
[    0.014293] Yama: becoming mindful.
[    0.015618] AppArmor: AppArmor initialized
[    0.017863] Dentry cache hash table entries: 131072 (order: 8, 1048576 bytes)
[    0.020063] Inode-cache hash table entries: 65536 (order: 7, 524288 bytes)
[    0.022180] Mount-cache hash table entries: 2048 (order: 2, 16384 bytes)
[    0.024013] Mountpoint-cache hash table entries: 2048 (order: 2, 16384 bytes)
[    0.028101] Last level iTLB entries: 4KB 0, 2MB 0, 4MB 0
[    0.029897] Last level dTLB entries: 4KB 0, 2MB 0, 4MB 0, 1GB 0
[    0.031274] Spectre V1 : Mitigation: usercopy/swapgs barriers and __user pointer sanitization
[    0.032006] Spectre V2 : Mitigation: Full generic retpoline
[    0.033471] Spectre V2 : Spectre v2 / SpectreRSB mitigation: Filling RSB on context switch
[    0.036005] Speculative Store Bypass: Vulnerable
[    0.040032] MDS: Mitigation: Clear CPU buffers
[    0.042835] Freeing SMP alternatives memory: 36K
[    0.154546] smpboot: CPU0: Intel(R) Core(TM) i7-1068NG7 CPU @ 2.30GHz (family: 0x6, model: 0x7e, stepping: 0x5)
[    0.156095] Performance Events: unsupported p6 CPU model 126 no PMU driver, software events only.
[    0.158869] Hierarchical SRCU implementation.
[    0.161018] NMI watchdog: Perf event create on CPU 0 failed with -2
[    0.164007] NMI watchdog: Perf NMI watchdog permanently disabled
[    0.166542] smp: Bringing up secondary CPUs ...
[    0.168166] x86: Booting SMP configuration:
[    0.169783] .... node  #0, CPUs:      #1
[    0.004000] kvm-clock: cpu 1, msr 0:3ff44041, secondary cpu clock
[    0.176095] smp: Brought up 1 node, 2 CPUs
[    0.177568] smpboot: Max logical packages: 1
[    0.179247] smpboot: Total of 2 processors activated (9215.99 BogoMIPS)
[    0.180267] devtmpfs: initialized
[    0.184086] x86/mm: Memory block size: 128MB
[    0.185420] evm: security.selinux
[    0.186175] evm: security.SMACK64
[    0.186820] evm: security.SMACK64EXEC
[    0.187521] evm: security.SMACK64TRANSMUTE
[    0.188005] evm: security.SMACK64MMAP
[    0.188910] evm: security.apparmor
[    0.189578] evm: security.ima
[    0.190216] evm: security.capability
[    0.191076] clocksource: jiffies: mask: 0xffffffff max_cycles: 0xffffffff, max_idle_ns: 7645041785100000 ns
[    0.192024] futex hash table entries: 512 (order: 3, 32768 bytes)
[    0.196059] pinctrl core: initialized pinctrl subsystem
[    0.199310] RTC time: 23:47:49, date: 02/08/22
[    0.200120] NET: Registered protocol family 16
[    0.201060] audit: initializing netlink subsys (disabled)
[    0.202306] audit: type=2000 audit(1644364074.406:1): state=initialized audit_enabled=0 res=1
[    0.204033] cpuidle: using governor ladder
[    0.204823] cpuidle: using governor menu
[    0.205664] ACPI: bus type PCI registered
[    0.206518] acpiphp: ACPI Hot Plug PCI Controller Driver version: 0.5
[    0.208125] PCI: Using configuration type 1 for base access
[    0.209631] HugeTLB registered 2.00 MiB page size, pre-allocated 0 pages
[    0.212068] ACPI: Added _OSI(Module Device)
[    0.212853] ACPI: Added _OSI(Processor Device)
[    0.213779] ACPI: Added _OSI(3.0 _SCP Extensions)
[    0.216009] ACPI: Added _OSI(Processor Aggregator Device)
[    0.217526] ACPI: Added _OSI(Linux-Dell-Video)
[    0.218436] ACPI: Added _OSI(Linux-Lenovo-NV-HDMI-Audio)
[    0.220016] ACPI: Added _OSI(Linux-HPI-Hybrid-Graphics)
[    0.221569] ACPI: Executed 1 blocks of module-level executable AML code
[    0.226932] ACPI: Interpreter enabled
[    0.228000] ACPI: (supports S0 S5)
[    0.228008] ACPI: Using IOAPIC for interrupt routing
[    0.229714] PCI: Using host bridge windows from ACPI; if necessary, use "pci=nocrs" and report a bug
[    0.232217] ACPI: Enabled 2 GPEs in block 00 to 07
[    0.239868] ACPI: PCI Root Bridge [PCI0] (domain 0000 [bus 00-ff])
[    0.240011] acpi PNP0A03:00: _OSC: OS supports [ASPM ClockPM Segments MSI]
[    0.241730] acpi PNP0A03:00: _OSC: not requesting OS control; OS requires [ExtendedConfig ASPM ClockPM MSI]
[    0.244021] acpi PNP0A03:00: fail to add MMCONFIG information, can't access extended PCI configuration space under this bridge.
[    0.248743] PCI host bridge to bus 0000:00
[    0.250163] pci_bus 0000:00: root bus resource [io  0x0000-0x0cf7 window]
[    0.252010] pci_bus 0000:00: root bus resource [io  0x0d00-0xffff window]
[    0.253633] pci_bus 0000:00: root bus resource [mem 0x000a0000-0x000bffff window]
[    0.256007] pci_bus 0000:00: root bus resource [mem 0x40000000-0xfdffffff window]
[    0.258289] pci_bus 0000:00: root bus resource [bus 00-ff]
[    0.262838] pci 0000:00:01.1: legacy IDE quirk: reg 0x10: [io  0x01f0-0x01f7]
[    0.264007] pci 0000:00:01.1: legacy IDE quirk: reg 0x14: [io  0x03f6]
[    0.265587] pci 0000:00:01.1: legacy IDE quirk: reg 0x18: [io  0x0170-0x0177]
[    0.268010] pci 0000:00:01.1: legacy IDE quirk: reg 0x1c: [io  0x0376]
[    0.293940] pci 0000:00:07.0: quirk: [io  0x4000-0x403f] claimed by PIIX4 ACPI
[    0.296036] pci 0000:00:07.0: quirk: [io  0x4100-0x410f] claimed by PIIX4 SMB
[    0.306216] ACPI: PCI Interrupt Link [LNKA] (IRQs 5 9 10 *11)
[    0.308631] ACPI: PCI Interrupt Link [LNKB] (IRQs 5 9 *10 11)
[    0.311318] ACPI: PCI Interrupt Link [LNKC] (IRQs 5 *9 10 11)
[    0.312194] ACPI: PCI Interrupt Link [LNKD] (IRQs 5 9 10 *11)
[    0.314412] SCSI subsystem initialized
[    0.316094] pci 0000:00:02.0: vgaarb: setting as boot VGA device
[    0.317700] pci 0000:00:02.0: vgaarb: VGA device added: decodes=io+mem,owns=io+mem,locks=none
[    0.320045] pci 0000:00:02.0: vgaarb: bridge control possible
[    0.322059] vgaarb: loaded
[    0.324061] ACPI: bus type USB registered
[    0.325349] usbcore: registered new interface driver usbfs
[    0.327131] usbcore: registered new interface driver hub
[    0.328021] usbcore: registered new device driver usb
[    0.329429] EDAC MC: Ver: 3.0.0
[    0.329429] PCI: Using ACPI for IRQ routing
[    0.332396] NetLabel: Initializing
[    0.333226] NetLabel:  domain hash size = 128
[    0.334178] NetLabel:  protocols = UNLABELED CIPSOv4 CALIPSO
[    0.336024] NetLabel:  unlabeled traffic allowed by default
[    0.337077] clocksource: Switched to clocksource kvm-clock
[    0.349740] VFS: Disk quotas dquot_6.6.0
[    0.350529] VFS: Dquot-cache hash table entries: 512 (order 0, 4096 bytes)
[    0.352459] AppArmor: AppArmor Filesystem Enabled
[    0.353365] pnp: PnP ACPI init
[    0.355518] pnp: PnP ACPI: found 3 devices
[    0.363380] clocksource: acpi_pm: mask: 0xffffff max_cycles: 0xffffff, max_idle_ns: 2085701024 ns
[    0.365602] NET: Registered protocol family 2
[    0.366448] IP idents hash table entries: 16384 (order: 5, 131072 bytes)
[    0.369377] TCP established hash table entries: 8192 (order: 4, 65536 bytes)
[    0.370778] TCP bind hash table entries: 8192 (order: 5, 131072 bytes)
[    0.372016] TCP: Hash tables configured (established 8192 bind 8192)
[    0.373676] UDP hash table entries: 512 (order: 2, 16384 bytes)
[    0.374922] UDP-Lite hash table entries: 512 (order: 2, 16384 bytes)
[    0.376216] NET: Registered protocol family 1
[    0.377509] pci 0000:00:00.0: Limiting direct PCI/PCI transfers
[    0.379078] pci 0000:00:01.0: Activating ISA DMA hang workarounds
[    0.381291] pci 0000:00:02.0: Video device with shadowed ROM at [mem 0x000c0000-0x000dffff]
[    0.384403] Unpacking initramfs...
[    1.385724] Freeing initrd memory: 19524K
[    1.393117] clocksource: tsc: mask: 0xffffffffffffffff max_cycles: 0x2135f5e6f15, max_idle_ns: 440795231538 ns
[    1.396366] platform rtc_cmos: registered platform RTC device (no PNP device found)
[    1.398814] Scanning for low memory corruption every 60 seconds
[    1.401721] Initialise system trusted keyrings
[    1.402953] Key type blacklist registered
[    1.404212] workingset: timestamp_bits=36 max_order=18 bucket_order=0
[    1.407389] zbud: loaded
[    1.409285] squashfs: version 4.0 (2009/01/31) Phillip Lougher
[    1.411694] fuse init (API version 7.26)
[    1.416353] Key type asymmetric registered
[    1.417316] Asymmetric key parser 'x509' registered
[    1.418775] Block layer SCSI generic (bsg) driver version 0.4 loaded (major 246)
[    1.421043] io scheduler noop registered
[    1.422247] io scheduler deadline registered
[    1.423375] io scheduler cfq registered (default)
[    1.425379] ACPI: AC Adapter [AC] (on-line)
[    1.426586] input: Power Button as /devices/LNXSYSTM:00/LNXPWRBN:00/input/input0
[    1.428609] ACPI: Power Button [PWRF]
[    1.429693] input: Sleep Button as /devices/LNXSYSTM:00/LNXSLPBN:00/input/input1
[    1.432415] ACPI: Sleep Button [SLPF]
[    1.435315] ACPI: Battery Slot [BAT0] (battery present)
[    1.436217] Serial: 8250/16550 driver, 32 ports, IRQ sharing enabled
[    1.459984] 00:02: ttyS0 at I/O 0x3f8 (irq = 4, base_baud = 115200) is a 16550A
[    1.464742] Linux agpgart interface v0.103
[    1.466768] loop: module loaded
[    1.467901] scsi host0: ata_piix
[    1.468795] scsi host1: ata_piix
[    1.469449] ata1: PATA max UDMA/33 cmd 0x1f0 ctl 0x3f6 bmdma 0xd000 irq 14
[    1.471187] ata2: PATA max UDMA/33 cmd 0x170 ctl 0x376 bmdma 0xd008 irq 15
[    1.473178] libphy: Fixed MDIO Bus: probed
[    1.474107] tun: Universal TUN/TAP device driver, 1.6
[    1.475268] PPP generic driver version 2.4.2
[    1.476561] ehci_hcd: USB 2.0 'Enhanced' Host Controller (EHCI) Driver
[    1.477959] ehci-pci: EHCI PCI platform driver
[    1.479018] ehci-platform: EHCI generic platform driver
[    1.480359] ohci_hcd: USB 1.1 'Open' Host Controller (OHCI) Driver
[    1.481718] ohci-pci: OHCI PCI platform driver
[    1.482684] ohci-platform: OHCI generic platform driver
[    1.483713] uhci_hcd: USB Universal Host Controller Interface driver
[    1.485258] i8042: PNP: PS/2 Controller [PNP0303:PS2K,PNP0f03:PS2M] at 0x60,0x64 irq 1,12
[    1.487498] serio: i8042 KBD port at 0x60,0x64 irq 1
[    1.488707] serio: i8042 AUX port at 0x60,0x64 irq 12
[    1.489740] mousedev: PS/2 mouse device common for all mice
[    1.491215] input: AT Translated Set 2 keyboard as /devices/platform/i8042/serio0/input/input2
[    1.493575] rtc_cmos rtc_cmos: rtc core: registered rtc_cmos as rtc0
[    1.494921] rtc_cmos rtc_cmos: alarms up to one day, 114 bytes nvram
[    1.496436] i2c /dev entries driver
[    1.497768] device-mapper: uevent: version 1.0.3
[    1.498961] device-mapper: ioctl: 4.37.0-ioctl (2017-09-20) initialised: dm-devel@redhat.com
[    1.500898] ledtrig-cpu: registered to indicate activity on CPUs
[    1.502601] NET: Registered protocol family 10
[    1.507196] Segment Routing with IPv6
[    1.508253] NET: Registered protocol family 17
[    1.509317] Key type dns_resolver registered
[    1.510390] mce: Using 0 MCE banks
[    1.511566] RAS: Correctable Errors collector initialized.
[    1.512975] sched_clock: Marking stable (1512957382, 0)->(1733413702, -220456320)
[    1.515946] registered taskstats version 1
[    1.517195] Loading compiled-in X.509 certificates
[    1.520377] Loaded X.509 cert 'Build time autogenerated kernel key: 51c91b167e8daada285dd448a981da05683ebd03'
[    1.523092] Loaded X.509 cert 'Canonical Ltd. Live Patch Signing: 14df34d1a87cf37625abec039ef2bf521249b969'
[    1.526263] Loaded X.509 cert 'Canonical Ltd. Kernel Module Signing: 88f752e560a1e0737e31163a466ad7b70a850c19'
[    1.528508] blacklist: Loading compiled-in revocation X.509 certificates
[    1.530130] Loaded X.509 cert 'Canonical Ltd. Secure Boot Signing: 61482aa2830d0ab2ad5af10b7250da9033ddcef0'
[    1.532436] zswap: loaded using pool lzo/zbud
[    1.536419] Key type big_key registered
[    1.537218] Key type trusted registered
[    1.539195] Key type encrypted registered
[    1.540317] AppArmor: AppArmor sha1 policy hashing enabled
[    1.541453] ima: No TPM chip found, activating TPM-bypass! (rc=-19)
[    1.543007] ima: Allocated hash algorithm: sha1
[    1.544140] evm: HMAC attrs: 0x1
[    1.545306]   Magic number: 10:253:807
[    1.546336] misc snapshot: hash matches
[    1.547202] rtc_cmos rtc_cmos: setting system clock to 2022-02-08 23:47:50 UTC (1644364070)
[    1.549154] BIOS EDD facility v0.16 2004-Jun-25, 0 devices found
[    1.550509] EDD information not available.
[    1.796202] Freeing unused kernel image memory: 2476K
[    1.811985] Write protecting the kernel read-only data: 20480k
[    1.814514] Freeing unused kernel image memory: 2008K
[    1.816171] Freeing unused kernel image memory: 1820K
[    1.821262] x86/mm: Checked W+X mappings: passed, no W+X pages found.
[    1.822937] x86/mm: Checking user space page tables
[    1.827737] x86/mm: Checked W+X mappings: passed, no W+X pages found.
Loading, please wait...
starting version 237
[    1.883635] e1000: Intel(R) PRO/1000 Network Driver - version 7.3.21-k8-NAPI
[    1.885043] e1000: Copyright (c) 1999-2006 Intel Corporation.
[    1.888638] Fusion MPT base driver 3.04.20
[    1.889525] Copyright (c) 1999-2008 LSI Corporation
[    1.894396] Fusion MPT SPI Host driver 3.04.20
[    1.906489] AVX2 version of gcm_enc/dec engaged.
[    1.907425] AES CTR mode by8 optimization enabled
[    2.106775] input: ImExPS/2 Generic Explorer Mouse as /devices/platform/i8042/serio1/input/input4
[    2.409734] e1000 0000:00:03.0 eth0: (PCI:33MHz:32-bit) 02:e8:64:37:14:18
[    2.412386] e1000 0000:00:03.0 eth0: Intel(R) PRO/1000 Network Connection
[    2.415967] mptbase: ioc0: Initiating bringup
[    2.418256] e1000 0000:00:03.0 enp0s3: renamed from eth0
[    2.791757] ioc0: LSI53C1030 A0: Capabilities={Initiator}
[    4.802047] scsi host2: ioc0: LSI53C1030 A0, FwRev=00000000h, Ports=1, MaxQ=256, IRQ=20
[    5.981698] scsi 2:0:0:0: Direct-Access     VBOX     HARDDISK         1.0  PQ: 0 ANSI: 5
[    6.028269] scsi target2:0:0: Beginning Domain Validation
[    6.031823] scsi target2:0:0: Domain Validation skipping write tests
[    6.033501] scsi target2:0:0: Ending Domain Validation
[    6.035196] scsi target2:0:0: asynchronous
[    6.036741] scsi 2:0:1:0: Direct-Access     VBOX     HARDDISK         1.0  PQ: 0 ANSI: 5
[    6.773702] scsi target2:0:1: Beginning Domain Validation
[    6.775302] random: fast init done
[    6.776945] scsi target2:0:1: Domain Validation skipping write tests
[    6.778201] scsi target2:0:1: Ending Domain Validation
[    6.779219] scsi target2:0:1: asynchronous
[    6.784309] random: systemd-udevd: uninitialized urandom read (16 bytes read)
[    6.786188] random: systemd-udevd: uninitialized urandom read (16 bytes read)
[    6.787505] random: systemd-udevd: uninitialized urandom read (16 bytes read)
[    6.789315] sd 2:0:0:0: Attached scsi generic sg0 type 0
[    6.791064] sd 2:0:0:0: [sda] 83886080 512-byte logical blocks: (42.9 GB/40.0 GiB)
[    6.791234] sd 2:0:1:0: [sdb] 20480 512-byte logical blocks: (10.5 MB/10.0 MiB)
[    6.794898] sd 2:0:1:0: Attached scsi generic sg1 type 0
[    6.794915] sd 2:0:0:0: [sda] Write Protect is off
[    6.796362] sd 2:0:1:0: [sdb] Write Protect is off
[    6.798795] sd 2:0:1:0: [sdb] Incomplete mode parameter data
[    6.798830] sd 2:0:0:0: [sda] Incomplete mode parameter data
[    6.799986] sd 2:0:1:0: [sdb] Assuming drive cache: write through
[    6.802498] sd 2:0:0:0: [sda] Assuming drive cache: write through
[    6.805300]  sda: sda1
[    6.806681] sd 2:0:0:0: [sda] Attached SCSI disk
[    6.807950] sd 2:0:1:0: [sdb] Attached SCSI disk
Begin: Loading essential drivers ... [    8.200142] raid6: sse2x1   gen() 12636 MB/s
[    8.248086] raid6: sse2x1   xor()  7548 MB/s
[    8.296147] raid6: sse2x2   gen() 16657 MB/s
[    8.344139] raid6: sse2x2   xor() 11210 MB/s
[    8.392104] raid6: sse2x4   gen() 16845 MB/s
[    8.440142] raid6: sse2x4   xor() 10629 MB/s
[    8.488123] raid6: avx2x1   gen() 25465 MB/s
[    8.536058] raid6: avx2x1   xor() 15599 MB/s
[    8.584147] raid6: avx2x2   gen() 31731 MB/s
[    8.632159] raid6: avx2x2   xor() 22097 MB/s
[    8.680101] raid6: avx2x4   gen() 32630 MB/s
[    8.728109] raid6: avx2x4   xor() 18440 MB/s
[    8.729563] raid6: using algorithm avx2x4 gen() 32630 MB/s
[    8.731228] raid6: .... xor() 18440 MB/s, rmw enabled
[    8.732552] raid6: using avx2x2 recovery algorithm
[    8.734764] xor: automatically using best checksumming function   avx       
[    8.737227] async_tx: api initialized (async)
done.
Begin: Running /scripts/init-premount ... done.
Begin: Mounting root file system ... Begin: Running /scripts/local-top ... done.
Begin: Running /scripts/local-premount ... [    8.777899] Btrfs loaded, crc32c=crc32c-intel
Scanning for Btrfs filesystems
done.
Warning: fsck not present, so skipping root file system
[    8.802361] EXT4-fs (sda1): mounted filesystem with ordered data mode. Opts: (null)
done.
Begin: Running /scripts/local-bottom ... done.
Begin: Running /scripts/init-bottom ... done.
[    8.968302] ip_tables: (C) 2000-2006 Netfilter Core Team
[    8.977036] systemd[1]: systemd 237 running in system mode. (+PAM +AUDIT +SELINUX +IMA +APPARMOR +SMACK +SYSVINIT +UTMP +LIBCRYPTSETUP +GCRYPT +GNUTLS +ACL +XZ +LZ4 +SECCOMP +BLKID +ELFUTILS +KMOD -IDN2 +IDN -PCRE2 default-hierarchy=hybrid)
[    8.981354] systemd[1]: Detected virtualization oracle.
[    8.982557] systemd[1]: Detected architecture x86-64.

Welcome to [1mUbuntu 18.04.6 LTS[0m!

[    8.988924] systemd[1]: Set hostname to <ubuntu>.
[    8.992901] systemd[1]: Initializing machine ID from random generator.
[    8.994105] systemd[1]: Installed transient /etc/machine-id file.
[    9.256142] systemd[1]: Set up automount Arbitrary Executable File Formats File System Automount Point.
[[0;32m  OK  [0m] Set up automount Arbitrary Executab…rmats File System Automount Point.
[    9.259651] systemd[1]: Started Forward Password Requests to Wall Directory Watch.
[[0;32m  OK  [0m] Started Forward Password Requests to Wall Directory Watch.
[    9.263571] systemd[1]: Created slice System Slice.
[[0;32m  OK  [0m] Created slice System Slice.
[    9.265465] systemd[1]: Listening on Syslog Socket.
[[0;32m  OK  [0m] Listening on Syslog Socket.
[[0;32m  OK  [0m] Listening on Journal Audit Socket.
[[0;32m  OK  [0m] Created slice system-serial\x2dgetty.slice.
[[0;32m  OK  [0m] Listening on LVM2 poll daemon socket.
[[0;32m  OK  [0m] Listening on LVM2 metadata daemon socket.
[[0;32m  OK  [0m] Listening on Device-mapper event daemon FIFOs.
[[0;32m  OK  [0m] Listening on /dev/initctl Compatibility Named Pipe.
[[0;32m  OK  [0m] Created slice User and Session Slice.
[[0;32m  OK  [0m] Listening on udev Kernel Socket.
[[0;32m  OK  [0m] Listening on Network Service Netlink Socket.
[[0;32m  OK  [0m] Listening on Journal Socket.
         Starting Create list of required st…ce nodes for the current kernel...
         Starting Load Kernel Modules...
         Starting Set the console keyboard layout...
         Mounting Kernel Debug File System...
         Mounting POSIX Message Queue File System...
         Mounting Huge Pages File System...
         Starting Uncomplicated firewall...
[    9.452329] Loading iSCSI transport class v2.0-870.
[    9.459633] iscsi: registered transport (tcp)
         Starting Monitoring of LVM2 mirrors…ng dmeventd or progress polling...
[[0;32m  OK  [0m] Reached target System Time Synchronized.
[[0;32m  OK  [0m] Reached target Slices.
[[0;32m  OK  [0m] Listening on udev Control Socket.
[    9.495851] iscsi: registered transport (iser)
         Starting udev Coldplug all Devices...
[[0;32m  OK  [0m] Listening on fsck to fsckd communication Socket.
         Starting File System Check on Root Device...
[[0;32m  OK  [0m] Reached target Swap.
[[0;32m  OK  [0m] Reached target User and Group Name Lookups.
[[0;32m  OK  [0m] Listening on Journal Socket (/dev/log).
         Starting Journal Service...
[[0;32m  OK  [0m] Started Create list of required sta…vice nodes for the current kernel.
[[0;32m  OK  [0m] Started Load Kernel Modules.
[[0;32m  OK  [0m] Mounted Kernel Debug File System.
[[0;32m  OK  [0m] Mounted POSIX Message Queue File System.
[[0;32m  OK  [0m] Mounted Huge Pages File System.
[[0;32m  OK  [0m] Started Uncomplicated firewall.
[[0;32m  OK  [0m] Started LVM2 metadata daemon.
         Mounting FUSE Control File System...
         Mounting Kernel Configuration File System...
         Starting Apply Kernel Variables...
         Starting Create Static Device Nodes in /dev...
[[0;32m  OK  [0m] Mounted FUSE Control File System.
[[0;32m  OK  [0m] Mounted Kernel Configuration File System.
[[0;32m  OK  [0m] Started File System Check Daemon to report status.
[[0;32m  OK  [0m] Started udev Coldplug all Devices.
[[0;32m  OK  [0m] Started Journal Service.
[[0;32m  OK  [0m] Started Create Static Device Nodes in /dev.
[[0;32m  OK  [0m] Started Monitoring of LVM2 mirrors,…sing dmeventd or progress polling.
[[0;32m  OK  [0m] Started Apply Kernel Variables.
[[0;32m  OK  [0m] Started File System Check on Root Device.
         Starting Remount Root and Kernel File Systems...
[[0;32m  OK  [0m] Started Remount Root and Kernel File Systems.
         Starting udev Kernel Device Manager...
         Starting Load/Save Random Seed...
         Starting Flush Journal to Persistent Storage...
[[0;32m  OK  [0m] Started Load/Save Random Seed.
[[0;32m  OK  [0m] Started udev Kernel Device Manager.
[[0;32m  OK  [0m] Started Flush Journal to Persistent Storage.
[[0;32m  OK  [0m] Found device /dev/ttyS0.
[[0;32m  OK  [0m] Listening on Load/Save RF Kill Switch Status /dev/rfkill Watch.
[[0;32m  OK  [0m] Started Set the console keyboard layout.
[[0;32m  OK  [0m] Reached target Local File Systems (Pre).
[[0;32m  OK  [0m] Reached target Local File Systems.
         Starting Commit a transient machine-id on disk...
         Starting Set console font and keymap...
         Starting ebtables ruleset management...
         Starting AppArmor initialization...
         Starting Tell Plymouth To Write Out Runtime Data...
         Starting Create Volatile Files and Directories...
[[0;32m  OK  [0m] Started Dispatch Password Requests to Console Directory Watch.
[[0;32m  OK  [0m] Reached target Local Encrypted Volumes.
[[0;32m  OK  [0m] Started Set console font and keymap.
[[0;32m  OK  [0m] Started Tell Plymouth To Write Out Runtime Data.
[[0;32m  OK  [0m] Started Create Volatile Files and Directories.
         Starting Update UTMP about System Boot/Shutdown...
[[0;32m  OK  [0m] Started Update UTMP about System Boot/Shutdown.
[[0;32m  OK  [0m] Started Commit a transient machine-id on disk.
[[0;32m  OK  [0m] Started ebtables ruleset management.
[[0;32m  OK  [0m] Started AppArmor initialization.
         Starting Initial cloud-init job (pre-networking)...
         Starting Load AppArmor profiles managed internally by snapd...
[[0;32m  OK  [0m] Started Load AppArmor profiles managed internally by snapd.
[   12.054674] cloud-init[669]: Cloud-init v. 21.4-0ubuntu1~18.04.1 running 'init-local' at Tue, 08 Feb 2022 23:48:00 +0000. Up 11.73 seconds.
[[0;32m  OK  [0m] Started Initial cloud-init job (pre-networking).
[[0;32m  OK  [0m] Reached target Network (Pre).
         Starting Network Service...
[[0;32m  OK  [0m] Started Network Service.
         Starting Network Name Resolution...
         Starting Wait for Network to be Configured...
[[0;32m  OK  [0m] Started Network Name Resolution.
[[0;32m  OK  [0m] Reached target Network.
[[0;32m  OK  [0m] Reached target Host and Network Name Lookups.
[[0;32m  OK  [0m] Started Wait for Network to be Configured.
         Starting Initial cloud-init job (metadata service crawler)...
[   14.516372] cloud-init[795]: Cloud-init v. 21.4-0ubuntu1~18.04.1 running 'init' at Tue, 08 Feb 2022 23:48:03 +0000. Up 14.39 seconds.
[   14.518979] cloud-init[795]: ci-info: ++++++++++++++++++++++++++++++++++++++Net device info++++++++++++++++++++++++++++++++++++++
[   14.520907] cloud-init[795]: ci-info: +--------+------+----------------------------+---------------+--------+-------------------+
[   14.532366] cloud-init[795]: ci-info: | Device |  Up  |          Address           |      Mask     | Scope  |     Hw-Address    |
[   14.534389] cloud-init[795]: ci-info: +--------+------+----------------------------+---------------+--------+-------------------+
[   14.536372] cloud-init[795]: ci-info: | enp0s3 | True |         10.0.2.15          | 255.255.255.0 | global | 02:e8:64:37:14:18 |
[   14.538819] cloud-init[795]: ci-info: | enp0s3 | True | fe80::e8:64ff:fe37:1418/64 |       .       |  link  | 02:e8:64:37:14:18 |
[   14.541300] cloud-init[795]: ci-info: |   lo   | True |         127.0.0.1          |   255.0.0.0   |  host  |         .         |
[   14.543278] cloud-init[795]: ci-info: |   lo   | True |          ::1/128           |       .       |  host  |         .         |
[   14.545387] cloud-init[795]: ci-info: +--------+------+----------------------------+---------------+--------+-------------------+
[   14.561096] cloud-init[795]: ci-info: ++++++++++++++++++++++++++++Route IPv4 info+++++++++++++++++++++++++++++
[   14.562752] cloud-init[795]: ci-info: +-------+-------------+----------+-----------------+-----------+-------+
[   14.576226] cloud-init[795]: ci-info: | Route | Destination | Gateway  |     Genmask     | Interface | Flags |
[   14.577805] cloud-init[795]: ci-info: +-------+-------------+----------+-----------------+-----------+-------+
[   14.579179] cloud-init[795]: ci-info: |   0   |   0.0.0.0   | 10.0.2.2 |     0.0.0.0     |   enp0s3  |   UG  |
[   14.581226] cloud-init[795]: ci-info: |   1   |   10.0.2.0  | 0.0.0.0  |  255.255.255.0  |   enp0s3  |   U   |
[   14.583031] cloud-init[795]: ci-info: |   2   |   10.0.2.2  | 0.0.0.0  | 255.255.255.255 |   enp0s3  |   UH  |
[   14.584811] cloud-init[795]: ci-info: +-------+-------------+----------+-----------------+-----------+-------+
[   14.586282] cloud-init[795]: ci-info: +++++++++++++++++++Route IPv6 info+++++++++++++++++++
[   14.587776] cloud-init[795]: ci-info: +-------+-------------+---------+-----------+-------+
[   14.600182] cloud-init[795]: ci-info: | Route | Destination | Gateway | Interface | Flags |
[   14.601351] cloud-init[795]: ci-info: +-------+-------------+---------+-----------+-------+
[   14.603555] cloud-init[795]: ci-info: |   1   |  fe80::/64  |    ::   |   enp0s3  |   U   |
[   14.605125] cloud-init[795]: ci-info: |   3   |    local    |    ::   |   enp0s3  |   U   |
[   14.606452] cloud-init[795]: ci-info: |   4   |   ff00::/8  |    ::   |   enp0s3  |   U   |
[   14.608284] cloud-init[795]: ci-info: +-------+-------------+---------+-----------+-------+
[   15.133652] cloud-init[795]: Generating public/private rsa key pair.
[   15.134865] cloud-init[795]: Your identification has been saved in /etc/ssh/ssh_host_rsa_key.
[   15.136218] cloud-init[795]: Your public key has been saved in /etc/ssh/ssh_host_rsa_key.pub.
[   15.137513] cloud-init[795]: The key fingerprint is:
[   15.138367] cloud-init[795]: SHA256:tzBl1OFkZspGiuc7PbpIXr7UYIHTb89h7d+XDPRVq0I root@ubuntu-bionic
[   15.139695] cloud-init[795]: The key's randomart image is:
[   15.152233] cloud-init[795]: +---[RSA 2048]----+
[   15.164298] cloud-init[795]: |          o.*.   |
[   15.176214] cloud-init[795]: |       + = B.   .|
[   15.176981] cloud-init[795]: |      + = * .   o|
[   15.178191] cloud-init[795]: |       + * E o ..|
[[0;32m  OK  [0m[   15.188308] cloud-init[795]: |        S = + + .|
] Started Initial cloud-init job (metadata service crawler).[   15.188493] 
cloud-init[795]: |       . X * = . |
[   15.190903] cloud-init[795]: |      . = = + + .|
[[0;32m  OK  [0m[   15.200716] cloud-init[795]: |     o = o .   +o|
[   15.200969] cloud-init[795]: |      o =o      +|
[   15.201723] cloud-init[795]: +----[SHA256]-----+] 
Reached target Cloud-config availability.
[[   15.201826] cloud-init[795]: Generating public/private dsa key pair.
[   15.203502] cloud-init[795]: Your identification has been saved in /etc/ssh/ssh_host_dsa_key.
[   15.204623] cloud-init[795]: Your public key has been saved in /etc/ssh/ssh_host_dsa_key.pub.
[   15.205338] cloud-init[795]: The key fingerprint is:
[   15.205790] cloud-init[795]: SHA256:86Nes8+RF+wLRdcZUhG9fh21+++tHOaP0OqYIoTJQX8 root@ubuntu-bionic
[   15.206956] cloud-init[795]: The key's randomart image is:
[   15.207463] cloud-init[795]: +---[DSA 1024]----+
[0;32m  OK  [0m] [   15.207502] cloud-init[795]: |             ..=+|
[   15.211680] cloud-init[795]: |    .         . *|
Reached target System Initialization.
[   15.212000] cloud-init[795]: |   . .        ..*|
[[0;32m  OK  [0m[   15.224301] cloud-init[795]: |    . . E    o = |
[   15.224495] cloud-init[795]: |   . + .S     = +|
[   15.225405] cloud-init[795]: |    + .  o   = +o|
[   15.225674] cloud-init[795]: |     .    = = * o|
[   15.226204] cloud-init[795]: |      . .o B X +o|
] Listening on ACPID Listen Socket.
[   15.226606] cloud-init[795]: |       oo.+o= *+*|
[   15.228576] cloud-init[795]: +----[SHA256]-----+
         Starting Socket activation for snappy daemon.
[   15.247108] [[0;32m  OK  [0m] Listening on Open-iSCSI iscsid Socket.
cloud-init[[0;32m  OK  [0m] Started ACPI Events Check.
[[0;32m  OK  [0m] Listening on UUID daemon activation socket.
[795]: Generating public/private ecdsa key pair.
[[0;32m  OK  [0m] Started Daily apt download activities.
[   15.263134] cloud-init[[0;32m  OK  [0m] Started Trigger to poll for Ubuntu …(Only enabled on GCP LTS non-pro).
[[795]: [0;32m  OK  [0mYour identification has been saved in /etc/ssh/ssh_host_ecdsa_key.] 
Reached target Paths.
[   15.273764] cloud-init[795]: Your public key has been saved in /etc/ssh/ssh_host_ecdsa_key.pub.
         Starting LXD - unix socket.
[[0;32m  OK  [0m] Listening on cloud-init hotplug hook socket.
[[0;32m  OK  [0m] Started Daily apt upgrade and clean activities.
[[0;32m  OK  [0m] Listening on D-Bus System Message Bus Socket.
[[0;32m  OK  [0m] Started Message of the Day.
[[0;32m  OK  [0m] Started Ubuntu Advantage Timer for running repeated jobs.
[   15.278428] cloud-init[795]: The key fingerprint is:
[[0;32m  OK  [0m] Started Discard unused blocks once a week.
[   15.295956] cloud-init[795]: SHA256:3dvUeAWPtoEQejLjA030yEVMkJVASc8p2E2kv+9j1w8 root@ubuntu-bionic
[[0;32m  OK  [0m] Started Daily Cleanup of Temporary Directories.
[[0;32m  OK  [0m] Reached target Timers.
[   15.302214] cloud-init[[795]: [0;32m  OK  [0mThe key's randomart image is:
] Reached target Network is Online.
[   15.303848] cloud-init[795]: +---[ECDSA 256]---+
         Starting Availability of block devices...
[[0;32m  OK  [0m] Reached target Remote File Systems (Pre).
[   15.306853] [cloud-init[0;32m  OK  [0m[795]: ] |       +B@Xo  .  |Reached target Remote File Systems.

[[0;32m  OK  [0m] Listening on Socket activation for snappy daemon.
[   15.324140] [[0;32m  OK  [0m] Listening on LXD - unix socket.
cloud-init[795]: |       *o@oo . + |
[   15.328602] [[0;32m  OK  [0m] Started Availability of block devices.
[cloud-init[0;32m  OK  [0m[795]: ] |      o % B . + o|Reached target Sockets.

[[0;32m  OK  [0m] Reached target Basic System.
[   15.332570] cloud-init[795]: |       o O . . =.|
[   15.348788] cloud-init[795]: |        S o . + o|
         Starting LXD - container startup/shutdown...
[   15.351102] cloud-init[795]: |         . . + . |
         Starting Virtualbox guest utils...
[   15.362570] cloud-init[795]: |          . . E. |
         Starting System Logging Service...
[   15.380265] cloud-init[795]: |           .o ...|
[   15.381741] cloud-init[795]: |           ooo  o|
         Starting LSB: automatic crash report generation...
[   15.385097] cloud-init[795]: +----[SHA256]-----+
[   15.386055] cloud-init[795]: Generating public/private ed25519 key pair.
[   15.388788] cloud-init[795]: Your identification has been saved in /etc/ssh/ssh_host_ed25519_key.
[   15.393803] cloud-init[795]: Your public key has been saved in /etc/ssh/ssh_host_ed25519_key.pub.
[   15.397823] cloud-init[795]: The key fingerprint is:
[   15.412301] cloud-init[795]: SHA256:dUjCK9Rl1IUcHTrWlvK26l5i0zCCytkhxeSGODs9RbE root@ubuntu-bionic
[   15.414427] cloud-init[795]: The key's randomart image is:
         Starting Pollinate to seed the pseudo random number generator...
[   15.425287] cloud-init[795]: +--[ED25519 256]--+[[0;32m  OK  [0m] Started D-Bus System Message Bus.

[   15.428992] cloud-init[795]: |       o=+=o.=o. |
[   15.430451] cloud-init[795]: |     ..*o= .+o.. |
[   15.432563] cloud-init[795]: |    o.. E.o * +  |
[   15.435673] cloud-init[795]: |     +.+.o o =   |
[   15.452510] cloud-init[795]: |    o +.S . o o  |
[   15.453943] cloud-init[795]: |     o * . . = . |
[   15.455160] cloud-init[795]: |      + .   + +  |
[   15.457160] cloud-init[795]: |           . =   |
[   15.460182] cloud-init[795]: |           o+    |
[   15.462488] cloud-init[795]: +----[SHA256]-----+
[[0;32m  OK  [0m] Started Regular background program processing daemon.
         Starting Accounts Service...
         Starting Dispatcher daemon for systemd-networkd...
[[0;32m  OK  [0m] Started irqbalance daemon.
         Starting Snap Daemon...
         Starting LSB: Record successful boot for GRUB...
[[0;32m  OK  [0m] Started FUSE filesystem for LXC.
[[0;32m  OK  [0m] Started Deferred execution scheduler.
         Starting Permit User Sessions...
         Starting Login Service...
[[0;32m  OK  [0m] Started System Logging Service.
[[0;32m  OK  [0m] Started LXD - container startup/shutdown.
[[0;32m  OK  [0m] Started Permit User Sessions.
         Starting Authorization Manager...
         Starting Terminate Plymouth Boot Screen...
         Starting Hold until boot process finishes up...
[[0;32m  OK  [0m] Started Terminate Plymouth Boot Screen.
[[0;32m  OK  [0m] Started Hold until boot process finishes up.
[[0;32m  OK  [0m] Started Serial Getty on ttyS0.
         Starting Set console scheme...
[[0;32m  OK  [0m] Started Login Service.
[[0;32m  OK  [0m] Started Unattended Upgrades Shutdown.
[[0;32m  OK  [0m] Started LSB: automatic crash report generation.
[[0;32m  OK  [0m] Started Set console scheme.
[[0;32m  OK  [0m] Created slice system-getty.slice.
[[0;32m  OK  [0m] Started Getty on tty1.
[[0;32m  OK  [0m] Reached target Login Prompts.
[[0;32m  OK  [0m] Started LSB: Record successful boot for GRUB.
[[0;32m  OK  [0m] Started Authorization Manager.
[[0;32m  OK  [0m] Started Accounts Service.
[[0;32m  OK  [0m] Started Virtualbox guest utils.
[[0;32m  OK  [0m] Started Dispatcher daemon for systemd-networkd.
[[0;32m  OK  [0m] Started Snap Daemon.
         Starting Wait until snapd is fully seeded...
[[0;32m  OK  [0m] Started Pollinate to seed the pseudo random number generator.
         Starting OpenBSD Secure Shell server...
[[0;32m  OK  [0m] Started OpenBSD Secure Shell server.
[[0;32m  OK  [0m] Started Wait until snapd is fully seeded.
         Starting Apply the settings specified in cloud-config...
[[0;32m  OK  [0m] Reached target Multi-User System.
[[0;32m  OK  [0m] Reached target Graphical Interface.
         Starting Update UTMP about System Runlevel Changes...
[[0;32m  OK  [0m] Started Update UTMP about System Runlevel Changes.
[[0;32m  OK  [0m] Created slice User Slice of vagrant.
         Starting User Manager for UID 1000...
[[0;32m  OK  [0m] Started Session 1 of user vagrant.
[[0;32m  OK  [0m] Started User Manager for UID 1000.
[   19.415567] cloud-init[1321]: Cloud-init v. 21.4-0ubuntu1~18.04.1 running 'modules:config' at Tue, 08 Feb 2022 23:48:07 +0000. Up 18.87 seconds.
[[0;32m  OK  [0m] Started Apply the settings specified in cloud-config.
         Starting Execute cloud user/final scripts...
ci-info: no authorized SSH keys fingerprints found for user ubuntu.
<14>Feb  8 23:48:09 cloud-init: #############################################################
<14>Feb  8 23:48:09 cloud-init: -----BEGIN SSH HOST KEY FINGERPRINTS-----
<14>Feb  8 23:48:09 cloud-init: 1024 SHA256:86Nes8+RF+wLRdcZUhG9fh21+++tHOaP0OqYIoTJQX8 root@ubuntu-bionic (DSA)
<14>Feb  8 23:48:09 cloud-init: 256 SHA256:3dvUeAWPtoEQejLjA030yEVMkJVASc8p2E2kv+9j1w8 root@ubuntu-bionic (ECDSA)
<14>Feb  8 23:48:09 cloud-init: 256 SHA256:dUjCK9Rl1IUcHTrWlvK26l5i0zCCytkhxeSGODs9RbE root@ubuntu-bionic (ED25519)
<14>Feb  8 23:48:09 cloud-init: 2048 SHA256:tzBl1OFkZspGiuc7PbpIXr7UYIHTb89h7d+XDPRVq0I root@ubuntu-bionic (RSA)
<14>Feb  8 23:48:09 cloud-init: -----END SSH HOST KEY FINGERPRINTS-----
<14>Feb  8 23:48:09 cloud-init: #############################################################
-----BEGIN SSH HOST KEY KEYS-----
ecdsa-sha2-nistp256 AAAAE2VjZHNhLXNoYTItbmlzdHAyNTYAAAAIbmlzdHAyNTYAAABBBDp4dtcg8MK9CiSGt7+ck2d9XVn6AkTZKx3Zh91uiSJWoIVVbM8LJf/G3WHaLqBwcIkfg0PIUJUtZCVVERf9u+g= root@ubuntu-bionic
ssh-ed25519 AAAAC3NzaC1lZDI1NTE5AAAAIPByZyk5MI4SYyHrotZSFnaIanWFU0B/uLL9dRwXGcwB root@ubuntu-bionic
ssh-rsa AAAAB3NzaC1yc2EAAAADAQABAAABAQDJ7A3y5jYjZceZCuSjFPvo3uYXQvK+IIHuHts9kg4xbDQFqbY1vmU1HuH9FqvWRcLyWmbCQ77q800VEOzhubO+I0EFRHYo5nqF34uaAtFO35LT7SNPybxQZxtX1s7odCFQyPgf0ReBEhHh3PLt+mAgr5DziQK4igjrxeaDb7vWfffMpBG5e5YHdX9IF8/nvd4nP2TLjte9tb3P6rLw0iUx2mgoydZUeUNrFLXWB99XC5JVIWcVXg6eyEP2Jg0jkgliZkK1WfWS2BKVdlxxqDgUiWLGH2RLnecBKuBZGeK7mBo4o9PUsOmfHeHtdwCKgdeosajOlInWKWflQHY5e2qL root@ubuntu-bionic
-----END SSH HOST KEY KEYS-----
[   20.143075] cloud-init[1435]: Cloud-init v. 21.4-0ubuntu1~18.04.1 running 'modules:final' at Tue, 08 Feb 2022 23:48:08 +0000. Up 19.96 seconds.
[   20.160244] cloud-init[1435]: ci-info: no authorized SSH keys fingerprints found for user ubuntu.
[   20.172557] cloud-init[1435]: Cloud-init v. 21.4-0ubuntu1~18.04.1 finished at Tue, 08 Feb 2022 23:48:09 +0000. Datasource DataSourceNoCloud [seed=/dev/sdb][dsmode=net].  Up 20.13 seconds
[[0;32m  OK  [0m] Started Execute cloud user/final scripts.
[[0;32m  OK  [0m] Reached target Cloud-init target.

Ubuntu 18.04.6 LTS ubuntu-bionic ttyS0

ubuntu-bionic login: 